Determining if the pthread_create exist failed with the following output:
Change Dir: /home/geoffrey/caffe/release/CMakeFiles/CMakeTmp

Run Build Command(s):/usr/bin/make cmTC_df22c/fast 
/usr/bin/make -f CMakeFiles/cmTC_df22c.dir/build.make CMakeFiles/cmTC_df22c.dir/build
make[1]: Entering directory '/home/geoffrey/caffe/release/CMakeFiles/CMakeTmp'
Building C object CMakeFiles/cmTC_df22c.dir/CheckSymbolExists.c.o
/usr/bin/cc   -fPIC    -o CMakeFiles/cmTC_df22c.dir/CheckSymbolExists.c.o   -c /home/geoffrey/caffe/release/CMakeFiles/CMakeTmp/CheckSymbolExists.c
Linking C executable cmTC_df22c
/usr/bin/cmake -E cmake_link_script CMakeFiles/cmTC_df22c.dir/link.txt --verbose=1
/usr/bin/cc -fPIC     -rdynamic CMakeFiles/cmTC_df22c.dir/CheckSymbolExists.c.o  -o cmTC_df22c 
/usr/bin/ld: CMakeFiles/cmTC_df22c.dir/CheckSymbolExists.c.o: in function `main':
CheckSymbolExists.c:(.text+0x1b): undefined reference to `pthread_create'
collect2: error: ld returned 1 exit status
make[1]: *** [CMakeFiles/cmTC_df22c.dir/build.make:87: cmTC_df22c] Error 1
make[1]: Leaving directory '/home/geoffrey/caffe/release/CMakeFiles/CMakeTmp'
make: *** [Makefile:121: cmTC_df22c/fast] Error 2

File /home/geoffrey/caffe/release/CMakeFiles/CMakeTmp/CheckSymbolExists.c:
/* */
#include <pthread.h>

int main(int argc, char** argv)
{
  (void)argv;
#ifndef pthread_create
  return ((int*)(&pthread_create))[argc];
#else
  (void)argc;
  return 0;
#endif
}

Determining if the function pthread_create exists in the pthreads failed with the following output:
Change Dir: /home/geoffrey/caffe/release/CMakeFiles/CMakeTmp

Run Build Command(s):/usr/bin/make cmTC_2bb28/fast 
/usr/bin/make -f CMakeFiles/cmTC_2bb28.dir/build.make CMakeFiles/cmTC_2bb28.dir/build
make[1]: Entering directory '/home/geoffrey/caffe/release/CMakeFiles/CMakeTmp'
Building C object CMakeFiles/cmTC_2bb28.dir/CheckFunctionExists.c.o
/usr/bin/cc   -fPIC -DCHECK_FUNCTION_EXISTS=pthread_create   -o CMakeFiles/cmTC_2bb28.dir/CheckFunctionExists.c.o   -c /usr/share/cmake-3.14/Modules/CheckFunctionExists.c
Linking C executable cmTC_2bb28
/usr/bin/cmake -E cmake_link_script CMakeFiles/cmTC_2bb28.dir/link.txt --verbose=1
/usr/bin/cc -fPIC -DCHECK_FUNCTION_EXISTS=pthread_create    -rdynamic CMakeFiles/cmTC_2bb28.dir/CheckFunctionExists.c.o  -o cmTC_2bb28 -lpthreads 
/usr/bin/ld: cannot find -lpthreads
collect2: error: ld returned 1 exit status
make[1]: *** [CMakeFiles/cmTC_2bb28.dir/build.make:87: cmTC_2bb28] Error 1
make[1]: Leaving directory '/home/geoffrey/caffe/release/CMakeFiles/CMakeTmp'
make: *** [Makefile:121: cmTC_2bb28/fast] Error 2


